<?xml version="1.0" encoding="UTF-8"?>
<!-- Generated by org.testng.reporters.JUnitReportReporter -->
<testsuite hostname="DESKTOP-SH987E5" failures="0" tests="1" name="com.fitpeo.AutomationTestAssignment.TestCases.AssignmentTest" time="5.350" errors="0" timestamp="2024-08-04T22:55:39 IST" skipped="0">
  <testcase classname="com.fitpeo.AutomationTestAssignment.TestCases.AssignmentTest" name="assignmentTest" time="5.350"/>
  <system-out/>
</testsuite> <!-- com.fitpeo.AutomationTestAssignment.TestCases.AssignmentTest -->
