<?xml version="1.0" encoding="UTF-8"?>
<!-- Generated by org.testng.reporters.JUnitReportReporter -->
<testsuite hostname="DESKTOP-SH987E5" failures="0" tests="1" name="com.fitpeo.AutomationTestAssignment.TestCases.DemoTest" time="3.557" errors="0" timestamp="2024-08-04T21:19:12 IST" skipped="0">
  <testcase classname="com.fitpeo.AutomationTestAssignment.TestCases.DemoTest" name="demo" time="3.557"/>
  <system-out/>
</testsuite> <!-- com.fitpeo.AutomationTestAssignment.TestCases.DemoTest -->
